<?xml version="1.0" encoding="UTF-8"?>
<!-- Generated by org.testng.reporters.JUnitXMLReporter -->
<testsuite hostname="DESKTOP-GVBEUTM" ignored="0" name="Test" tests="3" failures="0" timestamp="2020-08-17T13:42:55 MST" time="24.766" errors="0">
  <testcase name="getLandingPageTitle" time="0.029" classname="com.pageTestCases.LandingPageTest"/>
  <testcase name="getHrmLogoImageTest" time="0.12" classname="com.pageTestCases.LandingPageTest"/>
  <testcase name="getLoginTest" time="1.204" classname="com.pageTestCases.LandingPageTest"/>
</testsuite> <!-- Test -->
