<?xml version="1.0" encoding="UTF-8"?>
<!-- Generated by org.testng.reporters.JUnitXMLReporter -->
<testsuite hostname="DESKTOP-GVBEUTM" ignored="0" name="Default test" tests="3" failures="0" timestamp="2020-08-17T13:22:12 MST" time="29.122" errors="0">
  <testcase name="getLandingPageTitle" time="0.038" classname="com.pageTestCases.LandingPageTest"/>
  <testcase name="getHrmLogoImageTest" time="0.115" classname="com.pageTestCases.LandingPageTest"/>
  <testcase name="getLoginTest" time="1.337" classname="com.pageTestCases.LandingPageTest"/>
</testsuite> <!-- Default test -->
