<?xml version="1.0" encoding="UTF-8"?>
<testng-results skipped="0" failed="0" ignored="0" total="3" passed="3">
  <reporter-output>
  </reporter-output>
  <suite name="Suite" duration-ms="24766" started-at="2020-08-17T13:42:30 MST" finished-at="2020-08-17T13:42:55 MST">
    <groups>
    </groups>
    <test name="Test" duration-ms="24766" started-at="2020-08-17T13:42:30 MST" finished-at="2020-08-17T13:42:55 MST">
      <class name="com.pageTestCases.LandingPageTest">
        <test-method status="PASS" signature="setUp()[pri:0, instance:com.pageTestCases.LandingPageTest@614ddd49]" name="setUp" is-config="true" duration-ms="8207" started-at="2020-08-17T13:42:30 MST" finished-at="2020-08-17T13:42:38 MST">
          <reporter-output>
          </reporter-output>
        </test-method> <!-- setUp -->
        <test-method status="PASS" signature="getLandingPageTitle()[pri:1, instance:com.pageTestCases.LandingPageTest@614ddd49]" name="getLandingPageTitle" duration-ms="29" started-at="2020-08-17T13:42:38 MST" finished-at="2020-08-17T13:42:38 MST">
          <reporter-output>
          </reporter-output>
        </test-method> <!-- getLandingPageTitle -->
        <test-method status="PASS" signature="tearDown()[pri:0, instance:com.pageTestCases.LandingPageTest@614ddd49]" name="tearDown" is-config="true" duration-ms="621" started-at="2020-08-17T13:42:38 MST" finished-at="2020-08-17T13:42:39 MST">
          <reporter-output>
          </reporter-output>
        </test-method> <!-- tearDown -->
        <test-method status="PASS" signature="setUp()[pri:0, instance:com.pageTestCases.LandingPageTest@614ddd49]" name="setUp" is-config="true" duration-ms="6704" started-at="2020-08-17T13:42:39 MST" finished-at="2020-08-17T13:42:46 MST">
          <reporter-output>
          </reporter-output>
        </test-method> <!-- setUp -->
        <test-method status="PASS" signature="getHrmLogoImageTest()[pri:2, instance:com.pageTestCases.LandingPageTest@614ddd49]" name="getHrmLogoImageTest" duration-ms="120" started-at="2020-08-17T13:42:46 MST" finished-at="2020-08-17T13:42:46 MST">
          <reporter-output>
          </reporter-output>
        </test-method> <!-- getHrmLogoImageTest -->
        <test-method status="PASS" signature="tearDown()[pri:0, instance:com.pageTestCases.LandingPageTest@614ddd49]" name="tearDown" is-config="true" duration-ms="658" started-at="2020-08-17T13:42:46 MST" finished-at="2020-08-17T13:42:46 MST">
          <reporter-output>
          </reporter-output>
        </test-method> <!-- tearDown -->
        <test-method status="PASS" signature="setUp()[pri:0, instance:com.pageTestCases.LandingPageTest@614ddd49]" name="setUp" is-config="true" duration-ms="6562" started-at="2020-08-17T13:42:46 MST" finished-at="2020-08-17T13:42:53 MST">
          <reporter-output>
          </reporter-output>
        </test-method> <!-- setUp -->
        <test-method status="PASS" signature="getLoginTest()[pri:3, instance:com.pageTestCases.LandingPageTest@614ddd49]" name="getLoginTest" duration-ms="1204" started-at="2020-08-17T13:42:53 MST" finished-at="2020-08-17T13:42:54 MST">
          <reporter-output>
          </reporter-output>
        </test-method> <!-- getLoginTest -->
        <test-method status="PASS" signature="tearDown()[pri:0, instance:com.pageTestCases.LandingPageTest@614ddd49]" name="tearDown" is-config="true" duration-ms="608" started-at="2020-08-17T13:42:54 MST" finished-at="2020-08-17T13:42:55 MST">
          <reporter-output>
          </reporter-output>
        </test-method> <!-- tearDown -->
      </class> <!-- com.pageTestCases.LandingPageTest -->
    </test> <!-- Test -->
  </suite> <!-- Suite -->
</testng-results>
